FUSE library version: 2.9.4
unique: 1, opcode: INIT (26), nodeid: 0, insize: 56, pid: 0
INIT: 7.26
flags=0x001ffffb
max_readahead=0x00020000
   INIT: 7.19
   flags=0x00000000
   max_readahead=0x00020000
   max_write=0x00020000
   max_background=0
   congestion_threshold=0
   unique: 1, success, outsize: 40
unique: 2, opcode: GETATTR (3), nodeid: 1, insize: 56, pid: 9717
isfile: 1 is a dir
getattr 0000000000000001 0
isfile: 1 is a dir
isdir: 1 is a dir
getdir 0000000000000001
   getattr -> 1539093393 1539093391 1539093391
   unique: 2, success, outsize: 120
unique: 3, opcode: GETATTR (3), nodeid: 1, insize: 56, pid: 9718
isfile: 1 is a dir
getattr 0000000000000001 0
isfile: 1 is a dir
isdir: 1 is a dir
getdir 0000000000000001
   getattr -> 1539093393 1539093391 1539093391
   unique: 3, success, outsize: 120
